<?xml version="1.0" encoding="UTF-8" ?>
<testsuite tests="16" failures="1" name="SDETTests.Test2" time="15.055" errors="0" skipped="15">
  <properties>
[...]
</properties>
  <testcase classname="SDETTests.Test2" name="setUpMethod" time="0">
    <failure message="Expected condition failed: waiting for presence of element located by: By.id: u3097-6 (tried for 10 second(s) with 500 MILLISECONDS interval)" type="org.openqa.selenium.TimeoutException">org.openqa.selenium.TimeoutException: Expected condition failed: waiting for presence of element located by: By.id: u3097-6 (tried for 10 second(s) with 500 MILLISECONDS interval)
	at org.openqa.selenium.support.ui.WebDriverWait.timeoutException(WebDriverWait.java:80)
	at org.openqa.selenium.support.ui.FluentWait.until(FluentWait.java:232)
	at SDETTests.Test2.setUpMethod(Test2.java:48)
Caused by: org.openqa.selenium.NoSuchElementException: Cannot locate an element using By.id: u3097-6
For documentation on this error, please visit: http://seleniumhq.org/exceptions/no_such_element.html
Build info: version: &apos;3.3.1&apos;, revision: &apos;5234b325d5&apos;, time: &apos;2017-03-10 09:10:29 +0000&apos;
System info: host: &apos;work&apos;, ip: &apos;127.0.1.1&apos;, os.name: &apos;Linux&apos;, os.arch: &apos;amd64&apos;, os.version: &apos;4.4.0-65-generic&apos;, java.version: &apos;1.8.0_121&apos;
Driver info: driver.version: unknown
	at org.openqa.selenium.support.ui.ExpectedConditions.lambda$findElement$0(ExpectedConditions.java:899)
	at java.util.Optional.orElseThrow(Optional.java:290)
	at org.openqa.selenium.support.ui.ExpectedConditions.findElement(ExpectedConditions.java:898)
	at org.openqa.selenium.support.ui.ExpectedConditions.access$000(ExpectedConditions.java:44)
	at org.openqa.selenium.support.ui.ExpectedConditions$6.apply(ExpectedConditions.java:184)
	at org.openqa.selenium.support.ui.ExpectedConditions$6.apply(ExpectedConditions.java:181)
	at org.openqa.selenium.support.ui.FluentWait.until(FluentWait.java:209)
	... 36 more
</failure>
    <system-err>SLF4J: Class path contains multiple SLF4J bindings.
SLF4J: Found binding in [jar:file:/home/james/.m2/repository/org/slf4j/slf4j-nop/1.7.24/slf4j-nop-1.7.24.jar!/org/slf4j/impl/StaticLoggerBinder.class]
SLF4J: Found binding in [jar:file:/home/james/.m2/repository/org/slf4j/slf4j-jdk14/1.7.24/slf4j-jdk14-1.7.24.jar!/org/slf4j/impl/StaticLoggerBinder.class]
SLF4J: Found binding in [jar:file:/home/james/.m2/repository/ch/qos/logback/logback-classic/1.2.1/logback-classic-1.2.1.jar!/org/slf4j/impl/StaticLoggerBinder.class]
SLF4J: See http://www.slf4j.org/codes.html#multiple_bindings for an explanation.
SLF4J: Actual binding is of type [org.slf4j.helpers.NOPLoggerFactory]
Starting ChromeDriver (v2.9.248304) on port 11010
[0.179][WARNING]: PAC support disabled because there is no system implementation
Mar 15, 2017 2:23:01 PM org.openqa.selenium.remote.ProtocolHandshake createSession
INFO: Detected dialect: OSS
</system-err>
  </testcase>
  <testcase classname="SDETTests.Test2" name="footerTest" time="0">
    <skipped/>
  </testcase>
  <testcase classname="SDETTests.Test2" name="tearDownMethod" time="0.001">
    <skipped/>
  </testcase>
  <testcase classname="SDETTests.Test2" name="setUpMethod" time="0.001">
    <skipped/>
  </testcase>
  <testcase classname="SDETTests.Test2" name="footerTest" time="0">
    <skipped/>
  </testcase>
  <testcase classname="SDETTests.Test2" name="tearDownMethod" time="0">
    <skipped/>
  </testcase>
  <testcase classname="SDETTests.Test2" name="setUpMethod" time="0">
    <skipped/>
  </testcase>
  <testcase classname="SDETTests.Test2" name="footerTest" time="0">
    <skipped/>
  </testcase>
  <testcase classname="SDETTests.Test2" name="tearDownMethod" time="0">
    <skipped/>
  </testcase>
  <testcase classname="SDETTests.Test2" name="setUpMethod" time="0">
    <skipped/>
  </testcase>
  <testcase classname="SDETTests.Test2" name="footerTest" time="0">
    <skipped/>
  </testcase>
  <testcase classname="SDETTests.Test2" name="tearDownMethod" time="0">
    <skipped/>
  </testcase>
  <testcase classname="SDETTests.Test2" name="setUpMethod" time="0.006">
    <skipped/>
  </testcase>
  <testcase classname="SDETTests.Test2" name="footerTest" time="0">
    <skipped/>
  </testcase>
  <testcase classname="SDETTests.Test2" name="tearDownMethod" time="0">
    <skipped/>
  </testcase>
  <testcase classname="SDETTests.Test2" name="tearDownClass" time="0">
    <skipped/>
  </testcase>
</testsuite>